Conversion run started at 2026-03-23 08:23:36
Working directory: C:/Git/eogasawara/mylibrary/Rmd

================================================================================
[2026-03-23 08:23:52] rmd->docx
file: C:/Git/eogasawara/mylibrary/Rmd/references/build_query_strings.Rmd
message: Error: unable to open file to read
call: bibtex::do_read_bib(file, encoding = .Encoding)
stack:
001: run_phase(texs, "rmd->docx", convert_rmd_docx)
002: tryCatch({     converter(input)     list(ok = TRUE, input = input, phase = phase, message = NULL) }, error = function(err) {     record_condition(phase, input, err)     list(ok = FALSE, input = input, phase = phase, message = conditionMessage(err)) })
003: tryCatchList(expr, classes, parentenv, handlers)
004: tryCatchOne(expr, names, parentenv, handlers[[1L]])
005: value[[3L]](cond)
006: record_condition(phase, input, err)

================================================================================
[2026-03-23 08:23:52] rmd->docx
file: C:/Git/eogasawara/mylibrary/Rmd/references/check_bib_errors.Rmd
message: cannot open the connection
call: file(con, "r")
stack:
001: run_phase(texs, "rmd->docx", convert_rmd_docx)
002: tryCatch({     converter(input)     list(ok = TRUE, input = input, phase = phase, message = NULL) }, error = function(err) {     record_condition(phase, input, err)     list(ok = FALSE, input = input, phase = phase, message = conditionMessage(err)) })
003: tryCatchList(expr, classes, parentenv, handlers)
004: tryCatchOne(expr, names, parentenv, handlers[[1L]])
005: value[[3L]](cond)
006: record_condition(phase, input, err)

================================================================================
[2026-03-23 08:23:53] rmd->docx
file: C:/Git/eogasawara/mylibrary/Rmd/references/clean_bib_file.Rmd
message: cannot open the connection
call: file(con, "r")
stack:
001: run_phase(texs, "rmd->docx", convert_rmd_docx)
002: tryCatch({     converter(input)     list(ok = TRUE, input = input, phase = phase, message = NULL) }, error = function(err) {     record_condition(phase, input, err)     list(ok = FALSE, input = input, phase = phase, message = conditionMessage(err)) })
003: tryCatchList(expr, classes, parentenv, handlers)
004: tryCatchOne(expr, names, parentenv, handlers[[1L]])
005: value[[3L]](cond)
006: record_condition(phase, input, err)

================================================================================
[2026-03-23 08:23:53] rmd->docx
file: C:/Git/eogasawara/mylibrary/Rmd/references/expand_tex_includes.Rmd
message: Arquivo .tex não encontrado: path/to/main.tex
call: expand_tex_includes(input_file = input_tex, output_file = output_tex)
stack:
001: run_phase(texs, "rmd->docx", convert_rmd_docx)
002: tryCatch({     converter(input)     list(ok = TRUE, input = input, phase = phase, message = NULL) }, error = function(err) {     record_condition(phase, input, err)     list(ok = FALSE, input = input, phase = phase, message = conditionMessage(err)) })
003: tryCatchList(expr, classes, parentenv, handlers)
004: tryCatchOne(expr, names, parentenv, handlers[[1L]])
005: value[[3L]](cond)
006: record_condition(phase, input, err)

================================================================================
[2026-03-23 08:23:55] rmd->docx
file: C:/Git/eogasawara/mylibrary/Rmd/references/export_scholar_publications.Rmd
message: Error in libxlsxwriter: 'Error creating output xlsx file. Usually a permissions error.'
call: NULL
stack:
001: run_phase(texs, "rmd->docx", convert_rmd_docx)
002: tryCatch({     converter(input)     list(ok = TRUE, input = input, phase = phase, message = NULL) }, error = function(err) {     record_condition(phase, input, err)     list(ok = FALSE, input = input, phase = phase, message = conditionMessage(err)) })
003: tryCatchList(expr, classes, parentenv, handlers)
004: tryCatchOne(expr, names, parentenv, handlers[[1L]])
005: value[[3L]](cond)
006: record_condition(phase, input, err)

================================================================================
[2026-03-23 08:23:55] rmd->docx
file: C:/Git/eogasawara/mylibrary/Rmd/references/find_and_remove_unused_refs_dir.Rmd
message: Error: unable to open file to read
call: bibtex::do_read_bib(file, encoding = .Encoding)
stack:
001: run_phase(texs, "rmd->docx", convert_rmd_docx)
002: tryCatch({     converter(input)     list(ok = TRUE, input = input, phase = phase, message = NULL) }, error = function(err) {     record_condition(phase, input, err)     list(ok = FALSE, input = input, phase = phase, message = conditionMessage(err)) })
003: tryCatchList(expr, classes, parentenv, handlers)
004: tryCatchOne(expr, names, parentenv, handlers[[1L]])
005: value[[3L]](cond)
006: record_condition(phase, input, err)

================================================================================
[2026-03-23 08:23:55] rmd->docx
file: C:/Git/eogasawara/mylibrary/Rmd/references/find_and_remove_unused_refs_single.Rmd
message: cannot open the connection
call: readLines(con <- file(tex, encoding = "UTF-8"))
stack:
001: run_phase(texs, "rmd->docx", convert_rmd_docx)
002: tryCatch({     converter(input)     list(ok = TRUE, input = input, phase = phase, message = NULL) }, error = function(err) {     record_condition(phase, input, err)     list(ok = FALSE, input = input, phase = phase, message = conditionMessage(err)) })
003: tryCatchList(expr, classes, parentenv, handlers)
004: tryCatchOne(expr, names, parentenv, handlers[[1L]])
005: value[[3L]](cond)
006: record_condition(phase, input, err)

================================================================================
[2026-03-23 08:23:55] rmd->docx
file: C:/Git/eogasawara/mylibrary/Rmd/references/map_ref_keys_and_replace_dir.Rmd
message: Error: unable to open file to read
call: bibtex::do_read_bib(file, encoding = .Encoding)
stack:
001: run_phase(texs, "rmd->docx", convert_rmd_docx)
002: tryCatch({     converter(input)     list(ok = TRUE, input = input, phase = phase, message = NULL) }, error = function(err) {     record_condition(phase, input, err)     list(ok = FALSE, input = input, phase = phase, message = conditionMessage(err)) })
003: tryCatchList(expr, classes, parentenv, handlers)
004: tryCatchOne(expr, names, parentenv, handlers[[1L]])
005: value[[3L]](cond)
006: record_condition(phase, input, err)

================================================================================
[2026-03-23 08:23:56] rmd->docx
file: C:/Git/eogasawara/mylibrary/Rmd/references/map_ref_keys_and_replace_single.Rmd
message: Error: unable to open file to read
call: bibtex::do_read_bib(file, encoding = .Encoding)
stack:
001: run_phase(texs, "rmd->docx", convert_rmd_docx)
002: tryCatch({     converter(input)     list(ok = TRUE, input = input, phase = phase, message = NULL) }, error = function(err) {     record_condition(phase, input, err)     list(ok = FALSE, input = input, phase = phase, message = conditionMessage(err)) })
003: tryCatchList(expr, classes, parentenv, handlers)
004: tryCatchOne(expr, names, parentenv, handlers[[1L]])
005: value[[3L]](cond)
006: record_condition(phase, input, err)

================================================================================
[2026-03-23 08:23:56] rmd->docx
file: C:/Git/eogasawara/mylibrary/Rmd/references/print_doi_urls.Rmd
message: Error: unable to open file to read
call: bibtex::do_read_bib(file, encoding = .Encoding)
stack:
001: run_phase(texs, "rmd->docx", convert_rmd_docx)
002: tryCatch({     converter(input)     list(ok = TRUE, input = input, phase = phase, message = NULL) }, error = function(err) {     record_condition(phase, input, err)     list(ok = FALSE, input = input, phase = phase, message = conditionMessage(err)) })
003: tryCatchList(expr, classes, parentenv, handlers)
004: tryCatchOne(expr, names, parentenv, handlers[[1L]])
005: value[[3L]](cond)
006: record_condition(phase, input, err)

================================================================================
[2026-03-23 08:23:57] rmd->docx
file: C:/Git/eogasawara/mylibrary/Rmd/references/union_bibs.Rmd
message: could not find function "unionBibs"
call: unionBibs(source_dir, target_bib)
stack:
001: run_phase(texs, "rmd->docx", convert_rmd_docx)
002: tryCatch({     converter(input)     list(ok = TRUE, input = input, phase = phase, message = NULL) }, error = function(err) {     record_condition(phase, input, err)     list(ok = FALSE, input = input, phase = phase, message = conditionMessage(err)) })
003: tryCatchList(expr, classes, parentenv, handlers)
004: tryCatchOne(expr, names, parentenv, handlers[[1L]])
005: value[[3L]](cond)
006: record_condition(phase, input, err)
